<?xml version="1.0" encoding="UTF-8"?>
<testsuite xmlns:xsi="http://www.w3.org/2001/XMLSchema-instance" xsi:noNamespaceSchemaLocation="https://maven.apache.org/surefire/maven-surefire-plugin/xsd/surefire-test-report.xsd" name="TestSuite" time="11.242" tests="4" errors="0" skipped="0" failures="0">
  <properties>
[...]
</properties>
  <testcase name="testGetListOfPosts" classname="com.automation.api.AppTest" time="2.622"/>
  <testcase name="testGetSinglePostById" classname="com.automation.api.AppTest" time="3.23"/>
  <testcase name="testCreateNewPost" classname="com.automation.api.AppTest" time="1.707"/>
  <testcase name="testUpdateExistingPost" classname="com.automation.api.AppTest" time="2.037"/>
</testsuite>