<?xml version="1.0" encoding="UTF-8"?>
<!-- Generated by org.testng.reporters.JUnitReportReporter -->
<testsuite hostname="LAPTOP-1VSQS6L8" failures="0" tests="4" name="com.automation.api.AppTest" time="9.589" errors="0" timestamp="2025-11-14T19:50:42 IST" skipped="0">
  <testcase classname="com.automation.api.AppTest" name="testGetSinglePostById" time="3.228"/>
  <testcase classname="com.automation.api.AppTest" name="testCreateNewPost" time="1.702"/>
  <testcase classname="com.automation.api.AppTest" name="testUpdateExistingPost" time="2.040"/>
  <testcase classname="com.automation.api.AppTest" name="testGetListOfPosts" time="2.619"/>
</testsuite> <!-- com.automation.api.AppTest -->
